C51 COMPILER V9.60.0.0   MAIN                                                              02/08/2023 14:19:29 PAGE 1   


C51 COMPILER V9.60.0.0, COMPILATION OF MODULE MAIN
OBJECT MODULE PLACED IN .\Objects\main.obj
COMPILER INVOKED BY: C:\Keil_v5\C51\BIN\C51.EXE main.c OPTIMIZE(8,SPEED) BROWSE DEBUG OBJECTEXTEND PRINT(.\Listings\main
                    -.lst) TABS(2) OBJECT(.\Objects\main.obj)

line level    source

   1          #include <REGX52.H>
   2          //port 1 2 3 mac dinh la keo len ~ gia tri ban dau la 1
   3          void delay( int t);
   4            int i=1;
   5          int main(void)
   6          {
   7   1        while(1)
   8   1        {
   9   2      
  10   2          if(P1_1==0)
  11   2          {
  12   3            delay(5000000); //scale 20ms
  13   3              if(P1_1==0)
  14   3              {
  15   4                if(i==1)
  16   4                  {
  17   5                    P2_0=0; 
  18   5                    i=0;
  19   5                  }
  20   4                else if(i==0)
  21   4                  { 
  22   5                    P2_0=1;
  23   5                    i=1;
  24   5                  }
  25   4              }
  26   3          }
  27   2        }
  28   1      }
  29          
  30          void delay(int t)
  31          {
  32   1      while(t>0)
  33   1        t--;
  34   1      }


MODULE INFORMATION:   STATIC OVERLAYABLE
   CODE SIZE        =     63    ----
   CONSTANT SIZE    =   ----    ----
   XDATA SIZE       =   ----    ----
   PDATA SIZE       =   ----    ----
   DATA SIZE        =      2    ----
   IDATA SIZE       =   ----    ----
   BIT SIZE         =   ----    ----
END OF MODULE INFORMATION.


C51 COMPILATION COMPLETE.  0 WARNING(S),  0 ERROR(S)
